Run: 1
Accuracy: 90.04% (at 1.46%)
Accuracy: 85.07% (at 2.93%)
Accuracy: 86.53% (at 4.39%)
Accuracy: 84.92% (at 5.86%)
Accuracy: 86.68% (at 7.32%)
Accuracy: 86.68% (at 8.78%)
Accuracy: 85.07% (at 10.25%)
Accuracy: 86.53% (at 11.71%)
Accuracy: 87.12% (at 13.18%)
Accuracy: 87.99% (at 14.64%)
Accuracy: 88.73% (at 16.11%)
Accuracy: 89.02% (at 17.57%)
Accuracy: 88.58% (at 19.03%)
Accuracy: 88.58% (at 20.50%)
Accuracy: 89.02% (at 21.96%)
Accuracy: 89.17% (at 23.43%)
Accuracy: 89.46% (at 24.89%)
Accuracy: 89.60% (at 26.35%)
Accuracy: 90.34% (at 27.82%)
Accuracy: 90.78% (at 29.28%)
Accuracy: 90.92% (at 30.75%)
Accuracy: 90.92% (at 32.21%)
Accuracy: 91.07% (at 33.67%)
Accuracy: 91.07% (at 35.14%)
Accuracy: 91.51% (at 36.60%)
Accuracy: 92.39% (at 38.07%)
Accuracy: 92.39% (at 39.53%)
Accuracy: 92.39% (at 41.00%)
Accuracy: 92.39% (at 42.46%)
Accuracy: 92.39% (at 43.92%)
Accuracy: 92.39% (at 45.39%)
Accuracy: 92.39% (at 46.85%)
Accuracy: 93.12% (at 48.32%)
Accuracy: 92.39% (at 49.78%)
Accuracy: 92.39% (at 51.24%)
Accuracy: 92.53% (at 52.71%)
Accuracy: 93.70% (at 54.17%)
Accuracy: 93.70% (at 55.64%)
Accuracy: 93.56% (at 57.10%)
Accuracy: 93.70% (at 58.57%)
Accuracy: 94.00% (at 60.03%)
Accuracy: 94.00% (at 61.49%)
Accuracy: 94.00% (at 62.96%)
Accuracy: 94.00% (at 64.42%)
Accuracy: 94.00% (at 65.89%)
Accuracy: 94.00% (at 67.35%)
Accuracy: 94.44% (at 68.81%)
Accuracy: 94.44% (at 70.28%)
Accuracy: 94.44% (at 71.74%)
Accuracy: 94.44% (at 73.21%)
Accuracy: 94.14% (at 74.67%)
Accuracy: 94.14% (at 76.13%)
Accuracy: 94.14% (at 77.60%)
Accuracy: 94.14% (at 79.06%)
Accuracy: 94.14% (at 80.53%)
Accuracy: 94.14% (at 81.99%)
Accuracy: 94.44% (at 83.46%)
Accuracy: 94.44% (at 84.92%)
Accuracy: 94.58% (at 86.38%)
Accuracy: 94.58% (at 87.85%)
Accuracy: 94.58% (at 89.31%)
Accuracy: 94.58% (at 90.78%)
Accuracy: 94.73% (at 92.24%)
Accuracy: 94.73% (at 93.70%)
Accuracy: 94.58% (at 95.17%)
Accuracy: 94.58% (at 96.63%)
Accuracy: 94.58% (at 98.10%)
Accuracy: 94.44% (at 99.56%)
Accuracy: 94.73% (at 100.00%)
Error before CG: 0.947291
Error after CG: 0.969253
Error on Test Data: 0.969253
