Run: 1
Accuracy: 70.00% (at 1.00%)
Accuracy: 70.00% (at 2.00%)
Accuracy: 67.20% (at 3.00%)
Accuracy: 70.00% (at 4.00%)
Accuracy: 70.00% (at 5.00%)
Accuracy: 70.00% (at 6.00%)
Accuracy: 70.00% (at 7.00%)
Accuracy: 70.00% (at 8.00%)
Accuracy: 70.00% (at 9.00%)
Accuracy: 70.40% (at 10.00%)
Accuracy: 70.20% (at 11.00%)
Accuracy: 70.00% (at 12.00%)
Accuracy: 70.00% (at 13.00%)
Accuracy: 70.00% (at 14.00%)
Accuracy: 70.00% (at 15.00%)
Accuracy: 70.00% (at 16.00%)
Accuracy: 70.20% (at 17.00%)
Accuracy: 70.70% (at 18.00%)
Accuracy: 71.60% (at 19.00%)
Accuracy: 71.20% (at 20.00%)
Accuracy: 70.50% (at 21.00%)
Accuracy: 70.50% (at 22.00%)
Accuracy: 70.00% (at 23.00%)
Accuracy: 70.30% (at 24.00%)
Accuracy: 70.00% (at 25.00%)
Accuracy: 70.90% (at 26.00%)
Accuracy: 71.00% (at 27.00%)
Accuracy: 72.50% (at 28.00%)
Accuracy: 72.40% (at 29.00%)
Accuracy: 72.90% (at 30.00%)
Accuracy: 72.80% (at 31.00%)
Accuracy: 72.80% (at 32.00%)
Accuracy: 72.10% (at 33.00%)
Accuracy: 72.80% (at 34.00%)
Accuracy: 72.90% (at 35.00%)
Accuracy: 73.40% (at 36.00%)
Accuracy: 72.30% (at 37.00%)
Accuracy: 72.20% (at 38.00%)
Accuracy: 72.60% (at 39.00%)
Accuracy: 72.90% (at 40.00%)
Accuracy: 73.10% (at 41.00%)
Accuracy: 72.30% (at 42.00%)
Accuracy: 73.00% (at 43.00%)
Accuracy: 72.50% (at 44.00%)
Accuracy: 72.80% (at 45.00%)
Accuracy: 72.50% (at 46.00%)
Accuracy: 72.30% (at 47.00%)
Accuracy: 72.50% (at 48.00%)
Accuracy: 73.00% (at 49.00%)
Accuracy: 72.50% (at 50.00%)
Accuracy: 72.90% (at 51.00%)
Accuracy: 72.90% (at 52.00%)
Accuracy: 73.00% (at 53.00%)
Accuracy: 72.80% (at 54.00%)
Accuracy: 73.00% (at 55.00%)
Accuracy: 73.20% (at 56.00%)
Accuracy: 73.10% (at 57.00%)
Accuracy: 73.20% (at 58.00%)
Accuracy: 73.20% (at 59.00%)
Accuracy: 72.60% (at 60.00%)
Accuracy: 73.20% (at 61.00%)
Accuracy: 72.90% (at 62.00%)
Accuracy: 73.30% (at 63.00%)
Accuracy: 73.50% (at 64.00%)
Accuracy: 74.40% (at 65.00%)
Accuracy: 73.70% (at 66.00%)
Accuracy: 73.90% (at 67.00%)
Accuracy: 73.70% (at 68.00%)
Accuracy: 74.40% (at 69.00%)
Accuracy: 73.80% (at 70.00%)
Accuracy: 73.70% (at 71.00%)
Accuracy: 73.70% (at 72.00%)
Accuracy: 73.80% (at 73.00%)
Accuracy: 72.50% (at 74.00%)
Accuracy: 72.70% (at 75.00%)
Accuracy: 72.80% (at 76.00%)
Accuracy: 72.20% (at 77.00%)
Accuracy: 73.40% (at 78.00%)
Accuracy: 73.60% (at 79.00%)
Accuracy: 73.70% (at 80.00%)
Accuracy: 73.80% (at 81.00%)
Accuracy: 73.70% (at 82.00%)
Accuracy: 73.70% (at 83.00%)
Accuracy: 73.10% (at 84.00%)
Accuracy: 73.70% (at 85.00%)
Accuracy: 73.80% (at 86.00%)
Accuracy: 73.80% (at 87.00%)
Accuracy: 74.50% (at 88.00%)
Accuracy: 73.60% (at 89.00%)
Accuracy: 73.70% (at 90.00%)
Accuracy: 73.80% (at 91.00%)
Accuracy: 73.30% (at 92.00%)
Accuracy: 73.60% (at 93.00%)
Accuracy: 73.70% (at 94.00%)
Accuracy: 73.80% (at 95.00%)
Accuracy: 73.70% (at 96.00%)
Accuracy: 73.60% (at 97.00%)
Accuracy: 73.60% (at 98.00%)
Accuracy: 74.20% (at 99.00%)
Accuracy: 73.60% (at 100.00%)
Error before CG: 0.736
Error after CG: 0.753
Error on Test Data: 0.753
