Run: 1
Ratio: -0.00921053
Accuracy: 46.93% (at 0.02%)
Ratio: 0.00240964
Ratio: 0.00121951
Ratio: 0.000823045
Ratio: 0.0009375
Ratio: 0.000253807
Ratio: 0.000214133
Ratio: -0.000185529
Accuracy: 45.83% (at 0.03%)
Ratio: 0
Accuracy: 50.22% (at 0.03%)
Ratio: -0.00136986
Accuracy: 53.88% (at 0.03%)
Ratio: 0.00135135
Ratio: 0.000680272
Ratio: 0.000456621
Ratio: 0
Accuracy: 52.02% (at 0.04%)
Ratio: 0.0028169
Ratio: 0
Accuracy: 58.24% (at 0.04%)
Ratio: 0.00434783
Ratio: 0.00148148
Ratio: 0
Accuracy: 56.00% (at 0.05%)
Ratio: -0.0015625
Accuracy: 54.97% (at 0.05%)
Ratio: -0.00153846
Accuracy: 55.02% (at 0.05%)
Ratio: -0.00151515
Accuracy: 56.07% (at 0.05%)
Ratio: -0.00149254
Accuracy: 55.84% (at 0.06%)
Ratio: -0.00294118
Accuracy: 57.12% (at 0.06%)
Ratio: -0.00428571
Accuracy: 58.41% (at 0.06%)
Ratio: -0.00136986
Accuracy: 65.71% (at 0.06%)
Ratio: -0.00405405
Accuracy: 65.17% (at 0.06%)
Ratio: -0.0025974
Accuracy: 65.07% (at 0.06%)
Ratio: -0.00126582
Accuracy: 70.68% (at 0.07%)
Ratio: 0.00125
Ratio: 0.000628931
Ratio: -0.000421941
Accuracy: 73.61% (at 0.07%)
Ratio: -0.00253165
Accuracy: 76.81% (at 0.07%)
Ratio: 0
Accuracy: 78.02% (at 0.07%)
Ratio: -0.00246914
Accuracy: 78.17% (at 0.08%)
Ratio: -0.00120482
Accuracy: 69.19% (at 0.08%)
Ratio: -0.00119048
Accuracy: 77.65% (at 0.08%)
Ratio: -0.00117647
Accuracy: 78.04% (at 0.08%)
Ratio: 0
Accuracy: 69.14% (at 0.08%)
Ratio: -0.00232558
Accuracy: 66.88% (at 0.08%)
Ratio: -0.00227273
Accuracy: 66.81% (at 0.09%)
Ratio: 0
Accuracy: 66.70% (at 0.09%)
Ratio: 0.00111111
Ratio: 0.000558659
Ratio: 0.0011236
Ratio: 0.000852273
Ratio: 0.000460829
Ratio: 0.000389105
Ratio: 0.000168919
Ratio: 0.000298954
Ratio: 0.000268817
Ratio: 0.000367197
Ratio: 0.00011274
Ratio: 0.000104603
Ratio: -9.76563e-05
Accuracy: 66.67% (at 0.11%)
Ratio: -0.00434783
Accuracy: 66.67% (at 0.11%)
Ratio: -0.00277778
Accuracy: 66.67% (at 0.11%)
Ratio: -0.00135135
Accuracy: 66.67% (at 0.11%)
Ratio: -0.00133333
Accuracy: 66.67% (at 0.12%)
Ratio: 0
Accuracy: 66.67% (at 0.12%)
Ratio: 0
Accuracy: 66.67% (at 0.12%)
Ratio: -0.00263158
