Run: 1
Accuracy: 70.00% (at 1.10%)
Accuracy: 70.00% (at 1.20%)
Accuracy: 70.00% (at 1.30%)
Accuracy: 70.00% (at 1.40%)
Accuracy: 70.00% (at 1.50%)
Accuracy: 70.00% (at 1.60%)
Accuracy: 70.00% (at 1.70%)
Accuracy: 70.00% (at 1.80%)
Accuracy: 70.00% (at 1.90%)
Accuracy: 70.00% (at 2.00%)
Accuracy: 67.30% (at 2.20%)
Accuracy: 67.20% (at 3.00%)
Accuracy: 67.00% (at 3.10%)
Accuracy: 67.00% (at 3.20%)
Accuracy: 68.40% (at 3.60%)
Accuracy: 67.30% (at 3.70%)
Accuracy: 68.00% (at 3.80%)
Accuracy: 69.50% (at 3.90%)
Accuracy: 70.20% (at 4.30%)
Accuracy: 69.80% (at 4.40%)
Accuracy: 70.50% (at 4.50%)
Accuracy: 70.50% (at 4.60%)
Accuracy: 70.50% (at 4.70%)
Accuracy: 70.40% (at 4.80%)
Accuracy: 70.20% (at 4.90%)
Accuracy: 70.20% (at 5.00%)
Accuracy: 70.20% (at 5.10%)
Accuracy: 70.00% (at 5.20%)
Accuracy: 70.00% (at 5.30%)
Accuracy: 70.00% (at 5.60%)
Accuracy: 70.00% (at 5.70%)
Accuracy: 70.00% (at 5.80%)
Accuracy: 70.00% (at 5.90%)
Accuracy: 70.00% (at 6.00%)
Accuracy: 70.00% (at 6.10%)
Accuracy: 70.00% (at 6.20%)
Accuracy: 70.00% (at 6.30%)
Accuracy: 70.00% (at 6.40%)
Accuracy: 70.00% (at 6.50%)
Accuracy: 70.00% (at 6.60%)
Accuracy: 70.00% (at 6.80%)
Accuracy: 70.00% (at 6.90%)
Accuracy: 70.00% (at 7.00%)
Accuracy: 70.00% (at 7.10%)
Accuracy: 70.00% (at 7.20%)
Accuracy: 70.00% (at 7.30%)
Accuracy: 70.00% (at 7.40%)
Accuracy: 70.00% (at 7.50%)
Accuracy: 70.00% (at 7.60%)
Accuracy: 70.00% (at 7.90%)
Accuracy: 70.00% (at 8.00%)
Accuracy: 70.00% (at 8.10%)
Accuracy: 70.00% (at 8.20%)
Accuracy: 70.00% (at 8.30%)
Accuracy: 70.00% (at 8.40%)
Accuracy: 70.00% (at 8.50%)
Accuracy: 70.00% (at 8.70%)
Accuracy: 70.10% (at 8.80%)
Accuracy: 70.10% (at 8.90%)
Accuracy: 70.20% (at 9.00%)
Accuracy: 70.10% (at 9.10%)
Accuracy: 70.20% (at 9.20%)
Accuracy: 70.50% (at 10.50%)
Accuracy: 70.50% (at 10.60%)
Accuracy: 70.50% (at 10.70%)
Accuracy: 70.50% (at 10.80%)
Accuracy: 70.50% (at 10.90%)
Accuracy: 70.50% (at 11.00%)
Accuracy: 69.60% (at 11.10%)
Accuracy: 70.20% (at 11.20%)
Accuracy: 70.50% (at 11.30%)
Accuracy: 70.40% (at 11.40%)
Accuracy: 70.40% (at 11.50%)
Accuracy: 70.40% (at 11.80%)
Accuracy: 70.00% (at 11.90%)
Accuracy: 70.00% (at 12.00%)
Accuracy: 70.00% (at 12.10%)
Accuracy: 70.00% (at 12.20%)
Accuracy: 70.00% (at 12.30%)
Accuracy: 70.00% (at 12.40%)
Accuracy: 70.10% (at 12.50%)
Accuracy: 70.10% (at 12.60%)
Accuracy: 70.10% (at 12.70%)
Accuracy: 70.20% (at 13.90%)
Accuracy: 70.10% (at 14.00%)
Accuracy: 70.10% (at 14.10%)
Accuracy: 70.20% (at 14.20%)
Accuracy: 70.20% (at 14.30%)
Accuracy: 70.20% (at 14.40%)
Accuracy: 70.10% (at 14.50%)
Accuracy: 70.00% (at 14.60%)
Accuracy: 70.00% (at 14.70%)
Accuracy: 70.00% (at 14.80%)
Accuracy: 70.00% (at 14.90%)
Accuracy: 70.00% (at 15.00%)
Accuracy: 70.00% (at 15.10%)
Accuracy: 70.00% (at 15.20%)
Accuracy: 70.00% (at 15.30%)
Accuracy: 70.00% (at 15.70%)
Accuracy: 70.00% (at 15.80%)
Accuracy: 70.00% (at 15.90%)
Accuracy: 70.00% (at 16.00%)
Accuracy: 70.00% (at 16.10%)
Accuracy: 70.00% (at 16.20%)
Accuracy: 71.10% (at 16.30%)
Accuracy: 71.10% (at 16.40%)
Accuracy: 70.30% (at 16.50%)
Accuracy: 70.30% (at 16.60%)
Accuracy: 70.30% (at 16.70%)
Accuracy: 70.30% (at 16.80%)
Accuracy: 70.30% (at 16.90%)
Accuracy: 71.80% (at 18.00%)
Accuracy: 71.80% (at 18.10%)
Accuracy: 71.80% (at 18.20%)
Accuracy: 71.80% (at 18.30%)
Accuracy: 71.80% (at 18.40%)
Accuracy: 71.80% (at 18.50%)
Accuracy: 69.70% (at 18.60%)
Accuracy: 69.80% (at 18.70%)
Accuracy: 69.80% (at 18.80%)
Accuracy: 69.90% (at 18.90%)
Accuracy: 69.70% (at 19.00%)
Accuracy: 69.80% (at 19.10%)
Accuracy: 69.80% (at 19.20%)
Accuracy: 69.90% (at 19.30%)
Accuracy: 72.40% (at 19.40%)
Accuracy: 72.40% (at 19.50%)
Accuracy: 71.80% (at 19.60%)
Accuracy: 71.80% (at 19.90%)
Accuracy: 71.80% (at 20.00%)
Accuracy: 71.80% (at 20.10%)
Accuracy: 71.80% (at 20.30%)
Accuracy: 71.80% (at 20.40%)
Accuracy: 71.80% (at 20.50%)
Accuracy: 71.80% (at 20.60%)
Accuracy: 71.80% (at 20.70%)
Accuracy: 71.40% (at 20.80%)
Accuracy: 71.40% (at 20.90%)
Accuracy: 71.40% (at 21.20%)
Accuracy: 70.60% (at 21.30%)
Accuracy: 70.60% (at 21.40%)
Accuracy: 71.30% (at 22.00%)
Accuracy: 71.40% (at 22.10%)
Accuracy: 70.30% (at 22.50%)
Accuracy: 70.10% (at 22.60%)
Accuracy: 70.10% (at 22.70%)
Accuracy: 70.30% (at 22.80%)
Accuracy: 70.60% (at 22.90%)
Accuracy: 70.60% (at 23.00%)
Accuracy: 70.60% (at 23.10%)
Accuracy: 71.10% (at 24.20%)
Accuracy: 71.00% (at 24.30%)
Accuracy: 71.00% (at 24.40%)
Accuracy: 71.00% (at 24.50%)
Accuracy: 70.60% (at 24.60%)
Accuracy: 70.60% (at 24.70%)
Accuracy: 70.60% (at 24.80%)
Accuracy: 70.30% (at 24.90%)
Accuracy: 70.30% (at 25.00%)
Accuracy: 70.30% (at 25.10%)
Accuracy: 70.30% (at 25.20%)
Accuracy: 67.60% (at 25.30%)
Accuracy: 67.60% (at 25.40%)
Accuracy: 67.60% (at 25.50%)
Accuracy: 70.40% (at 25.60%)
Accuracy: 70.90% (at 26.30%)
Accuracy: 70.80% (at 26.40%)
Accuracy: 70.80% (at 26.50%)
Accuracy: 70.90% (at 26.70%)
Accuracy: 71.00% (at 26.80%)
Accuracy: 71.60% (at 26.90%)
Accuracy: 71.70% (at 27.00%)
Accuracy: 71.70% (at 27.10%)
Accuracy: 73.40% (at 28.40%)
Accuracy: 73.40% (at 28.50%)
Accuracy: 73.40% (at 28.60%)
Accuracy: 72.90% (at 28.70%)
Accuracy: 72.60% (at 28.80%)
Accuracy: 72.70% (at 28.90%)
Accuracy: 73.00% (at 29.00%)
Accuracy: 72.90% (at 29.10%)
Accuracy: 72.70% (at 29.20%)
Accuracy: 73.30% (at 29.30%)
Accuracy: 73.30% (at 29.40%)
Accuracy: 73.30% (at 29.50%)
Accuracy: 73.10% (at 29.60%)
Accuracy: 73.10% (at 29.70%)
Accuracy: 73.10% (at 29.90%)
Accuracy: 72.50% (at 30.00%)
Accuracy: 72.50% (at 30.50%)
Accuracy: 72.50% (at 30.60%)
Accuracy: 72.50% (at 30.80%)
Accuracy: 72.30% (at 30.90%)
Accuracy: 72.30% (at 31.00%)
Accuracy: 72.50% (at 31.10%)
Accuracy: 72.50% (at 31.20%)
Accuracy: 72.50% (at 31.30%)
Accuracy: 72.50% (at 31.40%)
Accuracy: 72.50% (at 31.50%)
Accuracy: 72.50% (at 31.60%)
Accuracy: 72.50% (at 31.70%)
Accuracy: 72.50% (at 31.80%)
Accuracy: 72.50% (at 31.90%)
Accuracy: 72.50% (at 32.00%)
Accuracy: 72.30% (at 32.10%)
Accuracy: 72.30% (at 32.20%)
Accuracy: 72.30% (at 32.30%)
Accuracy: 72.30% (at 32.40%)
Accuracy: 72.30% (at 32.50%)
Accuracy: 72.30% (at 32.60%)
Accuracy: 72.50% (at 32.70%)
Accuracy: 73.60% (at 32.80%)
Accuracy: 72.90% (at 32.90%)
Accuracy: 72.90% (at 34.20%)
Accuracy: 73.00% (at 34.30%)
Accuracy: 72.30% (at 34.40%)
Accuracy: 73.30% (at 34.50%)
Accuracy: 72.90% (at 34.70%)
Accuracy: 69.40% (at 34.80%)
Accuracy: 69.40% (at 35.00%)
Accuracy: 69.40% (at 35.10%)
Accuracy: 69.40% (at 35.20%)
Accuracy: 69.40% (at 35.30%)
Accuracy: 69.40% (at 35.40%)
Accuracy: 69.40% (at 35.50%)
Accuracy: 69.40% (at 35.60%)
Accuracy: 69.70% (at 35.70%)
Accuracy: 69.70% (at 35.80%)
Accuracy: 69.70% (at 35.90%)
Accuracy: 69.70% (at 36.00%)
Accuracy: 69.60% (at 36.30%)
Accuracy: 69.70% (at 37.30%)
Accuracy: 69.60% (at 37.40%)
Accuracy: 69.60% (at 37.50%)
Accuracy: 69.60% (at 37.60%)
Accuracy: 69.60% (at 37.70%)
Accuracy: 69.60% (at 37.80%)
Accuracy: 69.60% (at 37.90%)
Accuracy: 69.60% (at 38.00%)
Accuracy: 69.60% (at 38.10%)
Accuracy: 69.60% (at 38.20%)
Accuracy: 69.40% (at 38.30%)
Accuracy: 69.30% (at 38.40%)
Accuracy: 69.30% (at 38.50%)
Accuracy: 69.30% (at 38.60%)
Accuracy: 69.40% (at 38.80%)
Accuracy: 72.70% (at 40.10%)
Accuracy: 72.70% (at 40.20%)
Accuracy: 72.70% (at 40.30%)
Accuracy: 73.10% (at 40.40%)
Accuracy: 73.10% (at 40.50%)
Accuracy: 73.10% (at 40.60%)
Accuracy: 73.10% (at 40.70%)
Accuracy: 73.10% (at 40.80%)
Accuracy: 73.10% (at 40.90%)
Accuracy: 73.10% (at 41.00%)
Accuracy: 72.90% (at 41.10%)
Accuracy: 72.90% (at 41.20%)
Accuracy: 72.70% (at 41.50%)
Accuracy: 72.70% (at 41.60%)
Accuracy: 72.70% (at 41.70%)
Accuracy: 64.60% (at 41.80%)
Accuracy: 59.40% (at 41.90%)
Accuracy: 59.40% (at 42.00%)
Accuracy: 64.60% (at 42.10%)
Accuracy: 64.60% (at 42.20%)
Accuracy: 64.60% (at 42.30%)
Accuracy: 64.60% (at 42.40%)
Accuracy: 64.70% (at 42.50%)
Accuracy: 72.80% (at 42.80%)
Accuracy: 69.60% (at 42.90%)
Accuracy: 69.60% (at 43.00%)
Accuracy: 69.60% (at 43.10%)
Accuracy: 73.40% (at 43.40%)
Accuracy: 73.40% (at 43.50%)
Accuracy: 73.40% (at 43.60%)
Accuracy: 73.40% (at 43.70%)
Accuracy: 73.40% (at 43.80%)
Accuracy: 73.40% (at 43.90%)
Accuracy: 73.20% (at 44.20%)
Accuracy: 73.20% (at 44.30%)
Accuracy: 73.10% (at 44.40%)
Accuracy: 73.50% (at 44.70%)
Accuracy: 61.40% (at 45.40%)
Accuracy: 61.40% (at 45.50%)
Accuracy: 61.40% (at 45.60%)
Accuracy: 61.40% (at 45.80%)
Accuracy: 61.40% (at 45.90%)
Accuracy: 61.40% (at 46.00%)
Accuracy: 61.40% (at 46.10%)
Accuracy: 61.40% (at 46.20%)
Accuracy: 65.20% (at 46.30%)
Accuracy: 65.20% (at 46.40%)
Accuracy: 73.30% (at 46.50%)
Accuracy: 72.70% (at 46.70%)
Accuracy: 72.50% (at 47.30%)
Accuracy: 72.50% (at 47.40%)
Accuracy: 72.50% (at 47.50%)
Accuracy: 72.50% (at 47.60%)
Accuracy: 72.70% (at 47.70%)
Accuracy: 73.00% (at 47.80%)
Accuracy: 73.00% (at 47.90%)
Accuracy: 72.70% (at 48.00%)
Accuracy: 72.70% (at 48.10%)
Accuracy: 72.70% (at 48.20%)
Accuracy: 72.70% (at 48.30%)
Accuracy: 73.10% (at 48.40%)
Accuracy: 73.10% (at 48.50%)
Accuracy: 73.10% (at 48.60%)
Accuracy: 73.10% (at 48.70%)
Accuracy: 73.10% (at 49.00%)
Accuracy: 73.10% (at 49.10%)
Accuracy: 72.90% (at 49.80%)
Accuracy: 72.90% (at 49.90%)
Accuracy: 73.30% (at 50.20%)
Accuracy: 73.30% (at 50.30%)
Accuracy: 72.90% (at 50.40%)
Accuracy: 73.30% (at 50.50%)
Accuracy: 73.30% (at 50.60%)
Accuracy: 73.30% (at 50.70%)
Accuracy: 73.30% (at 50.80%)
Accuracy: 72.90% (at 50.90%)
Accuracy: 73.30% (at 51.00%)
Accuracy: 73.10% (at 51.40%)
Accuracy: 73.10% (at 52.10%)
Accuracy: 73.10% (at 52.20%)
Accuracy: 73.10% (at 52.30%)
Accuracy: 73.00% (at 52.50%)
Accuracy: 72.70% (at 52.90%)
Accuracy: 73.00% (at 53.10%)
Accuracy: 73.00% (at 53.20%)
Accuracy: 72.70% (at 53.30%)
Accuracy: 73.00% (at 53.40%)
Accuracy: 73.00% (at 53.50%)
Accuracy: 73.00% (at 53.60%)
Accuracy: 73.20% (at 53.70%)
Accuracy: 73.00% (at 53.80%)
Accuracy: 73.20% (at 53.90%)
Accuracy: 73.20% (at 54.00%)
Accuracy: 73.20% (at 54.10%)
Accuracy: 73.20% (at 54.20%)
Accuracy: 73.20% (at 54.30%)
Accuracy: 73.20% (at 54.90%)
Accuracy: 73.20% (at 55.00%)
Accuracy: 73.20% (at 55.10%)
Accuracy: 73.20% (at 55.20%)
Accuracy: 73.40% (at 55.30%)
Accuracy: 73.40% (at 55.40%)
Accuracy: 73.30% (at 55.50%)
Accuracy: 73.30% (at 55.60%)
Accuracy: 73.30% (at 55.70%)
Accuracy: 73.30% (at 55.80%)
Accuracy: 73.30% (at 55.90%)
Accuracy: 73.30% (at 56.00%)
Accuracy: 73.30% (at 56.10%)
Accuracy: 73.30% (at 56.20%)
Accuracy: 73.40% (at 57.30%)
Accuracy: 72.80% (at 57.40%)
Accuracy: 72.80% (at 57.50%)
Accuracy: 73.40% (at 57.60%)
Accuracy: 73.40% (at 57.70%)
Accuracy: 73.40% (at 57.80%)
Accuracy: 73.40% (at 57.90%)
Accuracy: 73.30% (at 58.00%)
Accuracy: 73.30% (at 58.10%)
Accuracy: 73.40% (at 58.20%)
Accuracy: 70.20% (at 59.40%)
Accuracy: 70.20% (at 59.50%)
Accuracy: 70.20% (at 59.60%)
Accuracy: 70.20% (at 59.70%)
Accuracy: 70.20% (at 59.80%)
Accuracy: 70.20% (at 59.90%)
Accuracy: 70.20% (at 60.00%)
Accuracy: 70.20% (at 60.30%)
Accuracy: 70.20% (at 60.50%)
Accuracy: 70.20% (at 60.60%)
Accuracy: 70.20% (at 60.70%)
Accuracy: 70.20% (at 60.80%)
Accuracy: 70.20% (at 60.90%)
Accuracy: 70.20% (at 61.00%)
Accuracy: 70.20% (at 61.10%)
Accuracy: 70.20% (at 61.20%)
Accuracy: 70.20% (at 61.30%)
Accuracy: 70.20% (at 61.40%)
Accuracy: 70.20% (at 61.50%)
Accuracy: 70.20% (at 61.60%)
Accuracy: 70.20% (at 61.70%)
Accuracy: 70.20% (at 62.00%)
Accuracy: 70.20% (at 62.10%)
Accuracy: 70.20% (at 62.70%)
Accuracy: 70.20% (at 62.80%)
Accuracy: 70.20% (at 62.90%)
Accuracy: 70.20% (at 63.00%)
Accuracy: 70.20% (at 63.20%)
Accuracy: 70.20% (at 63.30%)
Accuracy: 70.20% (at 63.40%)
Accuracy: 70.20% (at 63.50%)
Accuracy: 70.20% (at 63.60%)
Accuracy: 70.20% (at 63.70%)
Accuracy: 71.70% (at 64.00%)
Accuracy: 71.20% (at 64.10%)
Accuracy: 71.30% (at 64.50%)
Accuracy: 71.30% (at 64.80%)
Accuracy: 71.00% (at 64.90%)
Accuracy: 71.00% (at 65.00%)
Accuracy: 71.80% (at 65.10%)
Accuracy: 71.80% (at 65.20%)
Accuracy: 71.80% (at 65.30%)
Accuracy: 71.80% (at 65.40%)
Accuracy: 71.80% (at 65.50%)
Accuracy: 71.70% (at 65.60%)
Accuracy: 71.00% (at 65.70%)
Accuracy: 71.00% (at 65.80%)
Accuracy: 71.00% (at 65.90%)
Accuracy: 71.30% (at 66.00%)
Accuracy: 71.30% (at 66.10%)
Accuracy: 71.30% (at 66.20%)
Accuracy: 71.30% (at 66.30%)
Accuracy: 71.30% (at 66.40%)
Accuracy: 71.20% (at 66.60%)
Accuracy: 71.70% (at 66.70%)
Accuracy: 73.50% (at 66.80%)
Accuracy: 73.90% (at 67.90%)
Accuracy: 73.90% (at 68.30%)
Accuracy: 73.90% (at 68.40%)
Accuracy: 73.70% (at 68.60%)
Accuracy: 73.90% (at 68.70%)
Accuracy: 73.90% (at 68.80%)
Accuracy: 73.90% (at 68.90%)
Accuracy: 73.90% (at 69.00%)
Accuracy: 74.50% (at 69.10%)
Accuracy: 74.00% (at 69.20%)
Accuracy: 74.10% (at 69.30%)
Accuracy: 73.70% (at 69.40%)
Accuracy: 74.10% (at 69.50%)
Accuracy: 74.10% (at 69.60%)
Accuracy: 74.10% (at 69.70%)
Accuracy: 74.10% (at 69.80%)
Accuracy: 74.10% (at 69.90%)
Accuracy: 74.10% (at 70.00%)
Accuracy: 74.20% (at 70.10%)
Accuracy: 74.20% (at 70.20%)
Accuracy: 73.40% (at 70.30%)
Accuracy: 74.10% (at 70.40%)
Accuracy: 74.10% (at 70.50%)
Accuracy: 74.10% (at 70.60%)
Accuracy: 73.70% (at 71.70%)
Accuracy: 73.70% (at 71.80%)
Accuracy: 73.80% (at 71.90%)
Accuracy: 73.80% (at 72.00%)
Accuracy: 67.90% (at 72.20%)
Accuracy: 67.90% (at 72.30%)
Accuracy: 68.30% (at 72.40%)
Accuracy: 68.30% (at 72.50%)
Accuracy: 68.30% (at 72.60%)
Accuracy: 70.10% (at 72.90%)
Accuracy: 70.10% (at 73.10%)
Accuracy: 69.90% (at 73.20%)
Accuracy: 69.90% (at 73.30%)
Accuracy: 70.00% (at 73.40%)
Accuracy: 70.00% (at 73.50%)
Accuracy: 70.00% (at 73.60%)
Accuracy: 70.00% (at 73.70%)
Accuracy: 73.60% (at 74.90%)
Accuracy: 73.60% (at 75.00%)
Accuracy: 73.70% (at 75.10%)
Accuracy: 73.60% (at 75.20%)
Accuracy: 73.60% (at 75.30%)
Accuracy: 73.60% (at 75.40%)
Accuracy: 73.60% (at 75.50%)
Accuracy: 73.60% (at 75.60%)
Accuracy: 73.60% (at 75.70%)
Accuracy: 73.60% (at 75.80%)
Accuracy: 73.60% (at 75.90%)
Accuracy: 73.70% (at 76.40%)
Accuracy: 74.20% (at 77.20%)
Accuracy: 74.20% (at 77.30%)
Accuracy: 72.70% (at 77.50%)
Accuracy: 72.70% (at 77.60%)
Accuracy: 72.70% (at 77.70%)
Accuracy: 72.70% (at 77.80%)
Accuracy: 72.70% (at 77.90%)
Accuracy: 72.80% (at 78.00%)
Accuracy: 72.80% (at 78.10%)
Accuracy: 72.80% (at 78.20%)
Accuracy: 70.20% (at 78.40%)
Accuracy: 73.70% (at 78.60%)
Accuracy: 73.70% (at 79.00%)
Accuracy: 73.70% (at 79.10%)
Accuracy: 73.70% (at 79.20%)
Accuracy: 74.50% (at 79.30%)
Accuracy: 70.30% (at 80.40%)
Accuracy: 70.40% (at 80.50%)
Accuracy: 70.40% (at 80.60%)
Accuracy: 70.40% (at 80.70%)
Accuracy: 70.30% (at 80.80%)
Accuracy: 70.30% (at 80.90%)
Accuracy: 73.00% (at 81.00%)
Accuracy: 73.00% (at 81.10%)
Accuracy: 73.00% (at 81.20%)
Accuracy: 73.10% (at 81.30%)
Accuracy: 73.10% (at 81.40%)
Accuracy: 73.10% (at 81.50%)
Accuracy: 73.10% (at 81.60%)
Accuracy: 73.10% (at 81.70%)
Accuracy: 73.10% (at 81.80%)
Accuracy: 73.10% (at 81.90%)
Accuracy: 73.10% (at 82.00%)
Accuracy: 73.10% (at 82.10%)
Accuracy: 73.10% (at 83.20%)
Accuracy: 73.10% (at 83.30%)
Accuracy: 73.60% (at 83.40%)
Accuracy: 73.60% (at 83.50%)
Accuracy: 73.60% (at 83.60%)
Accuracy: 73.60% (at 83.70%)
Accuracy: 73.60% (at 83.80%)
Accuracy: 73.60% (at 83.90%)
Accuracy: 73.20% (at 84.10%)
Accuracy: 74.10% (at 85.10%)
Accuracy: 74.10% (at 85.40%)
Accuracy: 73.70% (at 85.60%)
Accuracy: 73.70% (at 85.70%)
Accuracy: 68.20% (at 85.80%)
Accuracy: 68.20% (at 85.90%)
Accuracy: 68.20% (at 86.00%)
Accuracy: 68.20% (at 86.20%)
Accuracy: 68.20% (at 86.30%)
Accuracy: 68.20% (at 86.40%)
Accuracy: 68.20% (at 86.50%)
Accuracy: 68.20% (at 86.60%)
Accuracy: 68.20% (at 86.70%)
Accuracy: 66.90% (at 86.80%)
Accuracy: 66.90% (at 86.90%)
Accuracy: 68.40% (at 87.00%)
Accuracy: 68.50% (at 87.10%)
Accuracy: 68.50% (at 87.20%)
Accuracy: 70.90% (at 87.30%)
Accuracy: 70.90% (at 87.40%)
Accuracy: 70.90% (at 87.50%)
Accuracy: 70.90% (at 87.60%)
Accuracy: 70.90% (at 87.70%)
Accuracy: 59.20% (at 88.40%)
Accuracy: 51.10% (at 89.00%)
Accuracy: 65.00% (at 89.10%)
Accuracy: 65.00% (at 89.20%)
Accuracy: 70.00% (at 89.30%)
Accuracy: 46.90% (at 89.90%)
Accuracy: 60.20% (at 90.40%)
Accuracy: 60.20% (at 90.50%)
Accuracy: 60.30% (at 90.60%)
Accuracy: 60.30% (at 90.70%)
Accuracy: 60.20% (at 90.80%)
Accuracy: 60.20% (at 90.90%)
Accuracy: 60.20% (at 91.00%)
Accuracy: 59.10% (at 91.10%)
Accuracy: 59.10% (at 91.20%)
Accuracy: 58.70% (at 91.30%)
Accuracy: 60.20% (at 91.40%)
Accuracy: 60.20% (at 91.50%)
Accuracy: 70.00% (at 91.60%)
Accuracy: 60.50% (at 92.90%)
Accuracy: 59.00% (at 93.00%)
Accuracy: 59.00% (at 93.10%)
Accuracy: 59.00% (at 93.20%)
Accuracy: 69.70% (at 93.30%)
Accuracy: 68.70% (at 93.40%)
Accuracy: 50.00% (at 93.50%)
Accuracy: 53.40% (at 93.60%)
Accuracy: 53.80% (at 93.70%)
Accuracy: 53.80% (at 93.80%)
Accuracy: 53.80% (at 94.00%)
Accuracy: 53.50% (at 94.10%)
Accuracy: 70.00% (at 95.10%)
Accuracy: 70.00% (at 95.20%)
Accuracy: 70.00% (at 95.30%)
Accuracy: 70.00% (at 95.40%)
Accuracy: 70.00% (at 95.50%)
Accuracy: 70.00% (at 95.60%)
Accuracy: 70.00% (at 95.70%)
Accuracy: 70.10% (at 95.80%)
Accuracy: 30.00% (at 95.90%)
Accuracy: 54.60% (at 97.00%)
Accuracy: 60.20% (at 97.10%)
Accuracy: 60.20% (at 97.20%)
Accuracy: 60.20% (at 97.30%)
Accuracy: 60.20% (at 97.40%)
Accuracy: 60.20% (at 97.50%)
Accuracy: 58.70% (at 97.60%)
Accuracy: 58.70% (at 97.70%)
Accuracy: 58.70% (at 97.80%)
Accuracy: 58.70% (at 97.90%)
Accuracy: 58.70% (at 98.00%)
Accuracy: 59.20% (at 98.10%)
Accuracy: 59.20% (at 98.20%)
Accuracy: 70.00% (at 98.30%)
Accuracy: 70.00% (at 98.40%)
Accuracy: 57.00% (at 98.50%)
Accuracy: 46.90% (at 99.50%)
Accuracy: 42.70% (at 99.60%)
Accuracy: 45.80% (at 99.80%)
Accuracy: 39.80% (at 100.00%)
Error before CG: 0.398
Error after CG: 0.774
Error on Test Data: 0.774
