Run: 1
Ratio: 0
Accuracy: 89.17% (at 1.61%)
Ratio: 0.00140845
Ratio: -0.00425532
Accuracy: 88.14% (at 1.90%)
Ratio: -0.00657895
Accuracy: 87.99% (at 2.05%)
Ratio: -0.00493827
Accuracy: 88.29% (at 2.20%)
Ratio: -0.00352941
Accuracy: 87.99% (at 2.34%)
Ratio: -0.00227273
Accuracy: 87.12% (at 2.49%)
Ratio: -0.00111111
Accuracy: 85.94% (at 2.64%)
Ratio: 0
Accuracy: 85.36% (at 2.78%)
Ratio: 0
Accuracy: 85.07% (at 2.93%)
Ratio: 0.0021978
Ratio: 0
Accuracy: 85.21% (at 3.22%)
Ratio: 0
Accuracy: 86.38% (at 3.37%)
Ratio: 0
Accuracy: 86.09% (at 3.51%)
Ratio: 0
Accuracy: 86.09% (at 3.66%)
Ratio: 0
Accuracy: 86.09% (at 3.81%)
Ratio: 0
Accuracy: 85.36% (at 3.95%)
Ratio: 0
Accuracy: 86.09% (at 4.10%)
Ratio: 0
Accuracy: 88.29% (at 4.25%)
Ratio: 0
Accuracy: 87.26% (at 4.39%)
Ratio: -0.00224719
Accuracy: 87.55% (at 4.54%)
Ratio: -0.0010989
Accuracy: 87.55% (at 4.69%)
Ratio: -0.00108696
Accuracy: 87.41% (at 4.83%)
Ratio: -0.00107527
Accuracy: 87.41% (at 4.98%)
Ratio: -0.00106383
Accuracy: 87.41% (at 5.12%)
Ratio: -0.00105263
Accuracy: 87.12% (at 5.27%)
Ratio: -0.00104167
Accuracy: 87.12% (at 5.42%)
Ratio: -0.00103093
Accuracy: 87.12% (at 5.56%)
Ratio: -0.00102041
Accuracy: 87.12% (at 5.71%)
Ratio: 0
Accuracy: 87.12% (at 5.86%)
Ratio: 0.0010101
Ratio: 0.000507614
Ratio: 0
Accuracy: 87.99% (at 6.30%)
Ratio: 0.00103093
Ratio: 0.000518135
Ratio: 0.000347222
Ratio: 0.00026178
Ratio: 0.000421053
Ratio: 0.000353357
Ratio: 0
Accuracy: 88.58% (at 7.32%)
Ratio: 0
Accuracy: 88.58% (at 7.47%)
Ratio: 0
Accuracy: 88.58% (at 7.61%)
Ratio: 0.0011236
Ratio: 0
Accuracy: 88.58% (at 7.91%)
Ratio: -0.00113636
Accuracy: 88.58% (at 8.05%)
Ratio: -0.0011236
Accuracy: 88.58% (at 8.20%)
Ratio: 0
Accuracy: 88.73% (at 8.35%)
Ratio: -0.00111111
Accuracy: 89.02% (at 8.49%)
Ratio: -0.0010989
Accuracy: 88.87% (at 8.64%)
Ratio: 0.00108696
Ratio: 0.000546448
Ratio: 0.0003663
Ratio: 0.000276243
Ratio: 0.000222222
Ratio: 0.000372439
Ratio: 0.000321543
Ratio: 0
Accuracy: 87.85% (at 9.81%)
Ratio: -0.00120482
Accuracy: 87.41% (at 9.96%)
Ratio: -0.00119048
Accuracy: 87.41% (at 10.10%)
Ratio: -0.00235294
Accuracy: 87.12% (at 10.25%)
Ratio: -0.00229885
Accuracy: 87.12% (at 10.40%)
Ratio: -0.00224719
Accuracy: 87.12% (at 10.54%)
Ratio: -0.0021978
Accuracy: 87.12% (at 10.69%)
Ratio: -0.00215054
Accuracy: 87.12% (at 10.83%)
Ratio: -0.00105263
Accuracy: 87.12% (at 10.98%)
Ratio: -0.00104167
Accuracy: 87.55% (at 11.13%)
Ratio: 0
Accuracy: 87.55% (at 11.27%)
Ratio: 0.00103093
Ratio: 0.000518135
Ratio: 0.000694444
Ratio: 0.000524934
Ratio: 0.000423729
Ratio: 0.000356506
Ratio: 0.000308642
Ratio: 0.000136426
Ratio: 0.000122399
Ratio: 0.000111111
Ratio: 0.000101833
Ratio: 9.40734e-05
Accuracy: 90.04% (at 13.03%)
Ratio: -0.00125
Accuracy: 89.90% (at 13.18%)
Ratio: -0.00123457
Accuracy: 89.90% (at 13.32%)
Ratio: 0
Accuracy: 90.04% (at 13.47%)
Ratio: 0
Accuracy: 90.04% (at 13.62%)
Ratio: 0
Accuracy: 90.04% (at 13.76%)
Ratio: -0.00121951
Accuracy: 90.04% (at 13.91%)
Ratio: -0.00120482
Accuracy: 90.04% (at 14.06%)
Ratio: -0.00119048
Accuracy: 90.04% (at 14.20%)
Ratio: -0.00117647
Accuracy: 90.04% (at 14.35%)
Ratio: -0.00116279
Accuracy: 90.04% (at 14.49%)
Ratio: 0
Accuracy: 90.04% (at 14.64%)
Ratio: 0
Accuracy: 90.04% (at 14.79%)
Ratio: -0.00229885
Accuracy: 89.90% (at 14.93%)
Ratio: -0.00224719
Accuracy: 90.34% (at 15.08%)
Ratio: -0.0021978
Accuracy: 90.63% (at 15.23%)
Ratio: -0.00107527
Accuracy: 90.63% (at 15.37%)
Ratio: -0.00106383
Accuracy: 90.63% (at 15.52%)
Ratio: -0.00105263
Accuracy: 90.63% (at 15.67%)
Ratio: -0.00104167
Accuracy: 90.63% (at 15.81%)
Ratio: -0.00103093
Accuracy: 90.63% (at 15.96%)
Ratio: -0.00102041
Accuracy: 90.63% (at 16.11%)
Ratio: -0.0010101
Accuracy: 90.63% (at 16.25%)
Ratio: 0
Accuracy: 90.78% (at 16.40%)
Ratio: 0.001
Ratio: 0.000502513
Ratio: 0.0003367
Ratio: 0.000253807
Ratio: 0.000204082
Ratio: 0.00017094
Ratio: 0.000147275
Ratio: 0.000129534
Ratio: 0.000115741
Ratio: 0.000104712
Ratio: -9.56938e-05
Accuracy: 90.63% (at 18.01%)
Ratio: -0.0010989
Accuracy: 90.63% (at 18.16%)
Ratio: -0.00108696
Accuracy: 90.63% (at 18.30%)
Ratio: -0.00107527
Accuracy: 90.63% (at 18.45%)
Ratio: -0.00106383
Accuracy: 90.63% (at 18.59%)
Ratio: -0.00105263
Accuracy: 90.63% (at 18.74%)
Ratio: 0
Accuracy: 90.48% (at 18.89%)
Ratio: 0.00104167
Ratio: 0.00052356
Ratio: 0.000350877
Ratio: 0.000529101
Ratio: 0.000426439
Ratio: 0.000358423
Ratio: 0.000310078
Ratio: 0.000273973
Ratio: 0.000246002
Ratio: 0
Accuracy: 90.48% (at 20.35%)
Ratio: -0.00246914
Accuracy: 90.48% (at 20.50%)
Ratio: -0.00240964
Accuracy: 90.48% (at 20.64%)
Ratio: -0.00235294
Accuracy: 90.48% (at 20.79%)
Ratio: -0.00229885
Accuracy: 90.48% (at 20.94%)
Ratio: -0.00224719
Accuracy: 90.48% (at 21.08%)
Ratio: -0.0021978
Accuracy: 90.48% (at 21.23%)
Ratio: -0.00215054
Accuracy: 90.48% (at 21.38%)
Ratio: -0.00210526
Accuracy: 90.48% (at 21.52%)
Ratio: -0.00206186
Accuracy: 90.48% (at 21.67%)
Ratio: 0
Accuracy: 90.48% (at 21.82%)
Ratio: 0.0020202
Ratio: 0.00102041
Ratio: 0.000687285
Ratio: 0.000520833
Ratio: 0.000421053
Ratio: 0.00035461
Ratio: 0.00030722
Ratio: 0.000271739
Ratio: 0.0002442
Ratio: 0
Accuracy: 91.07% (at 23.28%)
Ratio: -0.00246914
Accuracy: 91.07% (at 23.43%)
Ratio: -0.00240964
Accuracy: 91.07% (at 23.57%)
Ratio: -0.00235294
Accuracy: 91.07% (at 23.72%)
Ratio: -0.00229885
Accuracy: 91.07% (at 23.87%)
Ratio: -0.00224719
Accuracy: 91.07% (at 24.01%)
Ratio: -0.0021978
Accuracy: 91.07% (at 24.16%)
Ratio: -0.00215054
Accuracy: 91.07% (at 24.30%)
Ratio: -0.00210526
Accuracy: 91.07% (at 24.45%)
Ratio: -0.00206186
Accuracy: 91.07% (at 24.60%)
Ratio: -0.0010101
Accuracy: 91.07% (at 24.74%)
Ratio: 0
Accuracy: 91.07% (at 24.89%)
Ratio: 0
Accuracy: 91.07% (at 25.04%)
Ratio: 0
Accuracy: 91.22% (at 25.18%)
Ratio: 0
Accuracy: 91.22% (at 25.33%)
Ratio: 0
Accuracy: 91.22% (at 25.48%)
Ratio: 0
Accuracy: 91.22% (at 25.62%)
Ratio: 0
Accuracy: 91.07% (at 25.77%)
Ratio: 0
Accuracy: 91.22% (at 25.92%)
Ratio: 0.001
Ratio: 0.000502513
Ratio: 0.0003367
Ratio: 0.000253807
Ratio: 0.000204082
Ratio: 0.00017094
Ratio: 0
Accuracy: 91.95% (at 26.94%)
Ratio: 0
Accuracy: 92.24% (at 27.09%)
Ratio: 0.00106383
Ratio: 0.00106952
Ratio: 0.000359712
Ratio: 0.000271739
Ratio: 0.000218818
Ratio: 0.000183486
Ratio: 0.000158228
Ratio: 0.000139276
Ratio: 0.000249066
Ratio: 0.000225734
Ratio: 0
Accuracy: 92.39% (at 28.70%)
Ratio: -0.00246914
Accuracy: 92.39% (at 28.84%)
Ratio: -0.00120482
Accuracy: 92.39% (at 28.99%)
Ratio: -0.00119048
Accuracy: 92.39% (at 29.14%)
Ratio: -0.00117647
Accuracy: 92.39% (at 29.28%)
Ratio: -0.00116279
Accuracy: 92.39% (at 29.43%)
Ratio: -0.00114943
Accuracy: 92.39% (at 29.58%)
Ratio: -0.00113636
Accuracy: 92.39% (at 29.72%)
Ratio: -0.0011236
Accuracy: 92.39% (at 29.87%)
Ratio: -0.00111111
Accuracy: 92.39% (at 30.01%)
Ratio: 0
Accuracy: 92.39% (at 30.16%)
Ratio: 0.0010989
Ratio: -0.000552486
Accuracy: 92.39% (at 30.45%)
Ratio: -0.0010989
Accuracy: 92.39% (at 30.60%)
Ratio: -0.00108696
Accuracy: 92.39% (at 30.75%)
Ratio: -0.00107527
Accuracy: 92.39% (at 30.89%)
Ratio: -0.00106383
Accuracy: 92.39% (at 31.04%)
Ratio: -0.00105263
Accuracy: 92.39% (at 31.19%)
Ratio: 0
Accuracy: 92.39% (at 31.33%)
Ratio: 0
Accuracy: 92.39% (at 31.48%)
Ratio: 0
Accuracy: 92.39% (at 31.63%)
Ratio: 0
Accuracy: 92.39% (at 31.77%)
Ratio: 0.00104167
Ratio: 0.00052356
Ratio: 0.000350877
Ratio: 0.00026455
Ratio: 0.000212766
Ratio: 0.000178253
Ratio: -0.00015361
Accuracy: 92.39% (at 32.80%)
Ratio: -0.0010989
Accuracy: 92.39% (at 32.94%)
Ratio: -0.00108696
Accuracy: 92.39% (at 33.09%)
Ratio: 0
Accuracy: 92.39% (at 33.24%)
Ratio: 0
Accuracy: 92.39% (at 33.38%)
Ratio: 0
Accuracy: 92.39% (at 33.53%)
Ratio: 0
Accuracy: 92.39% (at 33.67%)
Ratio: 0
Accuracy: 92.39% (at 33.82%)
Ratio: 0
Accuracy: 92.39% (at 33.97%)
Ratio: 0
Accuracy: 92.39% (at 34.11%)
Ratio: 0.00107527
Ratio: 0.000540541
Ratio: 0.000362319
Ratio: -0.000273224
Accuracy: 92.39% (at 34.70%)
Ratio: -0.0010989
Accuracy: 92.39% (at 34.85%)
Ratio: -0.00108696
Accuracy: 92.39% (at 34.99%)
Ratio: -0.00107527
Accuracy: 92.39% (at 35.14%)
Ratio: -0.00106383
Accuracy: 92.39% (at 35.29%)
Ratio: -0.00105263
Accuracy: 92.39% (at 35.43%)
Ratio: -0.00104167
Accuracy: 92.39% (at 35.58%)
Ratio: -0.00103093
Accuracy: 92.39% (at 35.72%)
Ratio: -0.00102041
Accuracy: 92.39% (at 35.87%)
Ratio: -0.0010101
Accuracy: 92.39% (at 36.02%)
Ratio: 0
Accuracy: 92.39% (at 36.16%)
Ratio: 0
Accuracy: 92.39% (at 36.31%)
Ratio: 0
Accuracy: 92.39% (at 36.46%)
Ratio: 0
Accuracy: 92.39% (at 36.60%)
Ratio: 0
Accuracy: 92.39% (at 36.75%)
Ratio: 0
Accuracy: 92.39% (at 36.90%)
Ratio: 0
Accuracy: 92.97% (at 37.04%)
Ratio: 0
Accuracy: 92.39% (at 37.19%)
Ratio: 0
Accuracy: 93.41% (at 37.34%)
Ratio: 0
Accuracy: 93.85% (at 37.48%)
Ratio: 0
Accuracy: 93.85% (at 37.63%)
Ratio: 0
Accuracy: 93.85% (at 37.77%)
Ratio: 0.001
Ratio: 0.000502513
Ratio: 0.0003367
Ratio: 0.000253807
Ratio: 0.000204082
Ratio: 0.00017094
Ratio: 0.000294551
Ratio: 0.000259403
Ratio: 0.000232288
Ratio: 0.000210748
Ratio: 0
Accuracy: 94.29% (at 39.39%)
Ratio: 0
Accuracy: 94.44% (at 39.53%)
Ratio: 0
Accuracy: 94.44% (at 39.68%)
Ratio: 0
Accuracy: 94.29% (at 39.82%)
Ratio: 0
Accuracy: 94.44% (at 39.97%)
Ratio: 0
Accuracy: 94.44% (at 40.12%)
Ratio: -0.00232558
Accuracy: 94.29% (at 40.26%)
Ratio: -0.00227273
Accuracy: 94.29% (at 40.41%)
Ratio: -0.00222222
Accuracy: 94.29% (at 40.56%)
Ratio: -0.00217391
Accuracy: 94.44% (at 40.70%)
Ratio: -0.00106383
Accuracy: 94.44% (at 40.85%)
Ratio: -0.00105263
Accuracy: 94.44% (at 41.00%)
Ratio: -0.00104167
Accuracy: 94.44% (at 41.14%)
Ratio: 0
Accuracy: 94.44% (at 41.29%)
Ratio: 0
Accuracy: 94.44% (at 41.43%)
Ratio: 0
Accuracy: 94.44% (at 41.58%)
Ratio: 0.00103093
Ratio: 0.000518135
Ratio: 0.000347222
Ratio: 0.00026178
Ratio: 0.000210526
Ratio: 0.000176367
Ratio: 0.000151976
Ratio: -0.00013369
Accuracy: 94.44% (at 42.75%)
Ratio: -0.0010989
Accuracy: 94.44% (at 42.90%)
Ratio: -0.00108696
Accuracy: 94.44% (at 43.05%)
Ratio: -0.00107527
Accuracy: 94.29% (at 43.19%)
Ratio: -0.00106383
Accuracy: 94.29% (at 43.34%)
Ratio: -0.00105263
Accuracy: 94.29% (at 43.48%)
Ratio: -0.00104167
Accuracy: 94.29% (at 43.63%)
Ratio: -0.00103093
Accuracy: 94.44% (at 43.78%)
Ratio: -0.00102041
Accuracy: 94.44% (at 43.92%)
Ratio: -0.0010101
Accuracy: 94.44% (at 44.07%)
Ratio: 0
Accuracy: 94.29% (at 44.22%)
Ratio: 0
Accuracy: 94.29% (at 44.36%)
Ratio: 0
Accuracy: 94.29% (at 44.51%)
Ratio: 0
Accuracy: 94.29% (at 44.66%)
Ratio: 0
Accuracy: 94.29% (at 44.80%)
Ratio: 0
Accuracy: 94.29% (at 44.95%)
Ratio: 0.001
Ratio: 0.00100503
Ratio: 0.00101351
Ratio: 0.000769231
Ratio: 0.000623701
Ratio: 0.000527241
Ratio: 0.000458716
Ratio: 0.000407609
Ratio: 0.000368098
Ratio: 0.000448934
Ratio: 0.000207684
Ratio: 0
Accuracy: 94.29% (at 46.71%)
Ratio: -0.00285714
Accuracy: 94.29% (at 46.85%)
Ratio: -0.00277778
Accuracy: 94.29% (at 47.00%)
Ratio: -0.0027027
Accuracy: 94.29% (at 47.14%)
Ratio: -0.00263158
Accuracy: 94.58% (at 47.29%)
Ratio: -0.0025641
Accuracy: 94.29% (at 47.44%)
Ratio: -0.00125
Accuracy: 94.29% (at 47.58%)
Ratio: -0.00123457
Accuracy: 94.58% (at 47.73%)
Ratio: -0.00365854
Accuracy: 94.58% (at 47.88%)
Ratio: -0.00235294
Accuracy: 94.73% (at 48.02%)
Ratio: -0.00114943
Accuracy: 94.29% (at 48.17%)
Ratio: 0
Accuracy: 94.29% (at 48.32%)
Ratio: 0
Accuracy: 94.29% (at 48.46%)
Ratio: 0
Accuracy: 94.29% (at 48.61%)
Ratio: 0
Accuracy: 94.29% (at 48.76%)
Ratio: 0
Accuracy: 94.29% (at 48.90%)
Ratio: -0.00227273
Accuracy: 94.29% (at 49.05%)
Ratio: -0.00222222
Accuracy: 94.29% (at 49.19%)
Ratio: -0.00108696
Accuracy: 94.29% (at 49.34%)
Ratio: -0.00107527
Accuracy: 94.29% (at 49.49%)
Ratio: -0.00106383
Accuracy: 94.29% (at 49.63%)
Ratio: -0.00105263
Accuracy: 94.29% (at 49.78%)
Ratio: -0.00104167
Accuracy: 94.29% (at 49.93%)
Ratio: -0.00103093
Accuracy: 94.29% (at 50.07%)
Ratio: -0.00102041
Accuracy: 94.29% (at 50.22%)
Ratio: -0.0010101
Accuracy: 94.29% (at 50.37%)
Ratio: 0.001
Ratio: 0.000502513
Ratio: 0.0003367
Ratio: 0.000253807
Ratio: 0.000204082
Ratio: 0.00017094
Ratio: 0.000294551
Ratio: 0.000259403
Ratio: 0.000232288
Ratio: 0.000210748
Ratio: 0
Accuracy: 94.29% (at 51.98%)
Ratio: 0
Accuracy: 94.29% (at 52.12%)
Ratio: 0
Accuracy: 94.58% (at 52.27%)
Ratio: 0
Accuracy: 94.58% (at 52.42%)
Ratio: 0
Accuracy: 94.58% (at 52.56%)
Ratio: 0
Accuracy: 94.58% (at 52.71%)
Ratio: -0.00232558
Accuracy: 94.73% (at 52.86%)
Ratio: -0.00227273
Accuracy: 94.73% (at 53.00%)
Ratio: -0.00222222
Accuracy: 94.73% (at 53.15%)
Ratio: -0.00217391
Accuracy: 94.58% (at 53.29%)
Ratio: -0.00106383
Accuracy: 94.58% (at 53.44%)
Ratio: -0.00105263
Accuracy: 94.58% (at 53.59%)
Ratio: -0.00104167
Accuracy: 94.58% (at 53.73%)
Ratio: -0.00103093
Accuracy: 94.58% (at 53.88%)
Ratio: -0.00102041
Accuracy: 94.58% (at 54.03%)
Ratio: -0.0010101
Accuracy: 94.58% (at 54.17%)
Ratio: 0
Accuracy: 94.58% (at 54.32%)
Ratio: 0
Accuracy: 94.58% (at 54.47%)
Ratio: 0
Accuracy: 94.58% (at 54.61%)
Ratio: 0
Accuracy: 94.58% (at 54.76%)
Ratio: 0
Accuracy: 94.58% (at 54.90%)
Ratio: 0
Accuracy: 94.58% (at 55.05%)
Ratio: 0
Accuracy: 94.58% (at 55.20%)
Ratio: 0
Accuracy: 94.73% (at 55.34%)
Ratio: 0
Accuracy: 94.73% (at 55.49%)
Ratio: 0
Accuracy: 94.58% (at 55.64%)
Ratio: 0
Accuracy: 94.58% (at 55.78%)
Ratio: 0
Accuracy: 94.58% (at 55.93%)
Ratio: 0
Accuracy: 94.58% (at 56.08%)
Ratio: 0
Accuracy: 94.58% (at 56.22%)
Ratio: 0
Accuracy: 94.58% (at 56.37%)
Ratio: 0
Accuracy: 94.58% (at 56.52%)
Ratio: 0
Accuracy: 94.58% (at 56.66%)
Ratio: 0
Accuracy: 94.58% (at 56.81%)
Ratio: 0
Accuracy: 94.58% (at 56.95%)
Ratio: 0
Accuracy: 94.58% (at 57.10%)
Ratio: 0
Accuracy: 94.58% (at 57.25%)
Ratio: 0
Accuracy: 94.58% (at 57.39%)
Ratio: 0
Accuracy: 94.58% (at 57.54%)
Ratio: 0
Accuracy: 94.58% (at 57.69%)
Ratio: 0
Accuracy: 94.58% (at 57.83%)
Ratio: 0
Accuracy: 94.58% (at 57.98%)
Ratio: 0
Accuracy: 94.58% (at 58.13%)
Ratio: 0
Accuracy: 94.58% (at 58.27%)
Ratio: 0
Accuracy: 94.58% (at 58.42%)
Ratio: 0
Accuracy: 94.58% (at 58.57%)
Ratio: 0
Accuracy: 94.58% (at 58.71%)
Ratio: 0
Accuracy: 94.58% (at 58.86%)
Ratio: 0.001
Ratio: 0.000502513
Ratio: 0.000673401
Ratio: 0.000508906
Ratio: 0.000205339
Ratio: 0.000344828
Ratio: 0.000298063
Ratio: 0.000131579
Ratio: 0.000117925
Ratio: 0.000106952
Ratio: 0
Accuracy: 95.02% (at 60.47%)
Ratio: 0
Accuracy: 94.88% (at 60.61%)
Ratio: -0.00232558
Accuracy: 94.88% (at 60.76%)
Ratio: -0.00227273
Accuracy: 94.88% (at 60.91%)
Ratio: -0.00111111
Accuracy: 94.88% (at 61.05%)
Ratio: -0.0021978
Accuracy: 94.88% (at 61.20%)
Ratio: -0.00215054
Accuracy: 94.88% (at 61.35%)
Ratio: -0.00105263
Accuracy: 94.88% (at 61.49%)
Ratio: -0.00104167
Accuracy: 95.02% (at 61.64%)
Ratio: -0.00103093
Accuracy: 94.88% (at 61.79%)
Ratio: -0.00102041
Accuracy: 95.02% (at 61.93%)
Ratio: -0.0010101
Accuracy: 95.02% (at 62.08%)
Ratio: 0
Accuracy: 95.02% (at 62.23%)
Ratio: 0
Accuracy: 95.02% (at 62.37%)
Ratio: 0
Accuracy: 95.02% (at 62.52%)
Ratio: 0
Accuracy: 95.02% (at 62.66%)
Ratio: 0.001
Ratio: 0.000502513
Ratio: 0
Accuracy: 95.02% (at 63.10%)
Ratio: 0
Accuracy: 95.02% (at 63.25%)
Ratio: 0
Accuracy: 95.02% (at 63.40%)
Ratio: 0
Accuracy: 94.88% (at 63.54%)
Ratio: 0
Accuracy: 94.88% (at 63.69%)
Ratio: 0
Accuracy: 94.88% (at 63.84%)
Ratio: 0
Accuracy: 94.88% (at 63.98%)
Ratio: 0
Accuracy: 94.88% (at 64.13%)
Ratio: -0.00102041
Accuracy: 94.88% (at 64.28%)
Ratio: -0.0010101
Accuracy: 94.88% (at 64.42%)
Ratio: 0
Accuracy: 94.88% (at 64.57%)
Ratio: 0
Accuracy: 94.88% (at 64.71%)
Ratio: 0
Accuracy: 94.88% (at 64.86%)
Ratio: 0
Accuracy: 94.88% (at 65.01%)
Ratio: 0
Accuracy: 94.88% (at 65.15%)
Ratio: 0
Accuracy: 94.88% (at 65.30%)
Ratio: 0
Accuracy: 95.02% (at 65.45%)
Ratio: 0
Accuracy: 94.88% (at 65.59%)
Ratio: 0
Accuracy: 95.02% (at 65.74%)
Ratio: 0
Accuracy: 95.02% (at 65.89%)
Ratio: 0
Accuracy: 95.02% (at 66.03%)
Ratio: 0
Accuracy: 95.02% (at 66.18%)
Ratio: 0
Accuracy: 95.02% (at 66.33%)
Ratio: 0
Accuracy: 95.02% (at 66.47%)
Ratio: 0
Accuracy: 95.02% (at 66.62%)
Ratio: 0
Accuracy: 95.02% (at 66.76%)
Ratio: 0
Accuracy: 95.02% (at 66.91%)
Ratio: 0
Accuracy: 95.02% (at 67.06%)
Ratio: 0
Accuracy: 95.02% (at 67.20%)
Ratio: 0
Accuracy: 95.02% (at 67.35%)
Ratio: 0
Accuracy: 95.02% (at 67.50%)
Ratio: 0
Accuracy: 95.02% (at 67.64%)
Ratio: 0
Accuracy: 95.02% (at 67.79%)
Ratio: 0
Accuracy: 95.02% (at 67.94%)
Ratio: 0
Accuracy: 95.02% (at 68.08%)
Ratio: 0
Accuracy: 95.02% (at 68.23%)
Ratio: 0.004
Ratio: 0.000510204
Ratio: 0.000687285
Ratio: 0.000520833
Ratio: 0.00147368
Ratio: 0.00107335
Ratio: 0.000313972
Ratio: 0.000280505
Ratio: 0.00025413
Ratio: 0.000232829
Ratio: -0.000322928
Accuracy: 94.88% (at 69.84%)
Ratio: 0.00684932
Ratio: -0.00141844
Accuracy: 94.88% (at 70.13%)
Ratio: -0.00285714
Accuracy: 94.88% (at 70.28%)
Ratio: -0.00972222
Accuracy: 94.88% (at 70.42%)
Ratio: -0.00759494
Accuracy: 94.88% (at 70.57%)
Ratio: -0.00235294
Accuracy: 94.88% (at 70.72%)
Ratio: -0.00229885
Accuracy: 94.88% (at 70.86%)
Ratio: -0.00224719
Accuracy: 94.88% (at 71.01%)
Ratio: -0.0021978
Accuracy: 94.88% (at 71.16%)
Ratio: 0.00215054
Ratio: -0.00326087
Accuracy: 94.88% (at 71.45%)
Ratio: 0
Accuracy: 94.88% (at 71.60%)
Ratio: 0
Accuracy: 94.88% (at 71.74%)
Ratio: 0
Accuracy: 94.88% (at 71.89%)
Ratio: 0
Accuracy: 94.88% (at 72.04%)
Ratio: 0.00103093
Ratio: 0.000518135
Ratio: 0.000694444
Ratio: 0.000524934
Ratio: -0.000211864
Accuracy: 94.88% (at 72.77%)
Ratio: 0.00217391
Ratio: 0.0010989
Ratio: 0.000740741
Ratio: 0.000561798
Ratio: 0.000454545
Ratio: 0
Accuracy: 94.88% (at 73.65%)
Ratio: 0
Accuracy: 94.88% (at 73.79%)
Ratio: -0.00243902
Accuracy: 94.88% (at 73.94%)
Ratio: -0.00238095
Accuracy: 94.88% (at 74.08%)
Ratio: 0
Accuracy: 55.64% (at 74.23%)
Ratio: 0
Accuracy: 55.64% (at 74.38%)
Ratio: 0
Accuracy: 55.78% (at 74.52%)
Ratio: 0
Accuracy: 62.52% (at 74.67%)
Ratio: 0
Accuracy: 62.52% (at 74.82%)
Ratio: 0
Accuracy: 62.52% (at 74.96%)
Ratio: -0.00116279
Accuracy: 94.88% (at 75.11%)
Ratio: -0.00114943
Accuracy: 94.88% (at 75.26%)
Ratio: 0
Accuracy: 95.02% (at 75.40%)
Ratio: 0
Accuracy: 95.02% (at 75.55%)
Ratio: -0.00227273
Accuracy: 95.02% (at 75.70%)
Ratio: -0.00222222
Accuracy: 95.02% (at 75.84%)
Ratio: -0.00108696
Accuracy: 95.02% (at 75.99%)
Ratio: -0.00107527
Accuracy: 95.02% (at 76.13%)
Ratio: -0.00106383
Accuracy: 95.02% (at 76.28%)
Ratio: -0.00105263
Accuracy: 95.02% (at 76.43%)
Ratio: 0.00104167
Ratio: 0.00052356
Ratio: 0.000350877
Ratio: 0.000793651
Ratio: 0.000641026
Ratio: 0.000540541
Ratio: 0.000156495
Ratio: 0
Accuracy: 78.48% (at 77.60%)
Ratio: 0
Accuracy: 78.48% (at 77.75%)
Ratio: 0
Accuracy: 78.33% (at 77.89%)
Ratio: 0
Accuracy: 78.33% (at 78.04%)
Ratio: 0
Accuracy: 78.48% (at 78.18%)
Ratio: 0
Accuracy: 78.48% (at 78.33%)
Ratio: -0.00361446
Accuracy: 78.48% (at 78.48%)
Ratio: -0.00232558
Accuracy: 78.48% (at 78.62%)
Ratio: -0.00227273
Accuracy: 78.48% (at 78.77%)
Ratio: -0.00111111
Accuracy: 78.48% (at 78.92%)
Ratio: 0
Accuracy: 78.48% (at 79.06%)
Ratio: 0
Accuracy: 78.48% (at 79.21%)
Ratio: 0
Accuracy: 78.48% (at 79.36%)
Ratio: 0
Accuracy: 78.33% (at 79.50%)
Ratio: 0.0010989
Ratio: 0.000552486
Ratio: 0.000740741
Ratio: 0
Accuracy: 94.73% (at 80.09%)
Ratio: 0
Accuracy: 94.73% (at 80.23%)
Ratio: 0
Accuracy: 94.73% (at 80.38%)
Ratio: 0
Accuracy: 95.02% (at 80.53%)
Ratio: 0
Accuracy: 95.02% (at 80.67%)
Ratio: 0
Accuracy: 95.02% (at 80.82%)
Ratio: 0
Accuracy: 95.02% (at 80.97%)
Ratio: -0.00229885
Accuracy: 95.02% (at 81.11%)
Ratio: -0.00224719
Accuracy: 95.02% (at 81.26%)
Ratio: -0.0021978
Accuracy: 95.02% (at 81.41%)
Ratio: -0.00107527
Accuracy: 95.02% (at 81.55%)
Ratio: -0.00106383
Accuracy: 95.02% (at 81.70%)
Ratio: -0.00105263
Accuracy: 95.02% (at 81.84%)
Ratio: -0.00104167
Accuracy: 95.02% (at 81.99%)
Ratio: -0.00103093
Accuracy: 95.02% (at 82.14%)
Ratio: -0.00102041
Accuracy: 94.88% (at 82.28%)
Ratio: -0.0010101
Accuracy: 94.88% (at 82.43%)
Ratio: 0
Accuracy: 94.88% (at 82.58%)
Ratio: 0.001
Ratio: 0.000502513
Ratio: 0.0003367
Ratio: 0.000253807
Ratio: 0.000204082
Ratio: 0.00017094
Ratio: 0.000147275
Ratio: 0.000129534
Ratio: 0.000115741
Ratio: 0.000104712
Ratio: -9.56938e-05
Accuracy: 94.88% (at 84.19%)
Ratio: -0.0010989
Accuracy: 94.88% (at 84.33%)
Ratio: -0.00108696
Accuracy: 94.73% (at 84.48%)
Ratio: -0.00107527
Accuracy: 94.73% (at 84.63%)
Ratio: -0.00106383
Accuracy: 94.73% (at 84.77%)
Ratio: -0.00105263
Accuracy: 94.88% (at 84.92%)
Ratio: -0.00104167
Accuracy: 94.88% (at 85.07%)
Ratio: -0.00103093
Accuracy: 94.88% (at 85.21%)
Ratio: -0.00102041
Accuracy: 94.88% (at 85.36%)
Ratio: -0.0010101
Accuracy: 94.88% (at 85.51%)
Ratio: 0
Accuracy: 94.88% (at 85.65%)
Ratio: 0
Accuracy: 94.88% (at 85.80%)
Ratio: 0
Accuracy: 94.73% (at 85.94%)
Ratio: 0
Accuracy: 94.73% (at 86.09%)
Ratio: 0
Accuracy: 94.73% (at 86.24%)
Ratio: 0.003
Ratio: 0.00101523
Ratio: 0.000342466
Ratio: 0.000259067
Ratio: 0
Accuracy: 94.73% (at 86.97%)
Ratio: 0
Accuracy: 94.88% (at 87.12%)
Ratio: 0
Accuracy: 94.73% (at 87.26%)
Ratio: 0
Accuracy: 94.73% (at 87.41%)
Ratio: 0.00967742
Ratio: 0.00508475
Ratio: 0.00198413
Ratio: -0.000621118
Accuracy: 93.12% (at 87.99%)
Ratio: -0.00138889
Accuracy: 93.70% (at 88.14%)
Ratio: -0.00136986
Accuracy: 93.70% (at 88.29%)
Ratio: 0
Accuracy: 93.70% (at 88.43%)
Ratio: 0.00945946
Ratio: 0.00496454
Ratio: 0.00348259
Ratio: -0.000787402
Accuracy: 38.95% (at 89.02%)
Ratio: -0.00909091
Accuracy: 53.15% (at 89.17%)
Ratio: -0.0116667
Accuracy: 80.23% (at 89.31%)
Ratio: 0.00149254
Ratio: 0.00676692
Ratio: 0.00421053
Ratio: 0.00041841
Ratio: -0.00174216
Accuracy: 85.07% (at 90.04%)
Ratio: -0.0113208
Accuracy: 85.07% (at 90.19%)
Ratio: 0.00169492
Ratio: -0.0017094
Accuracy: 63.40% (at 90.48%)
Ratio: -0.00333333
Accuracy: 65.01% (at 90.63%)
Ratio: 0.0112903
Ratio: 0.00512821
Ratio: -0.00120482
Accuracy: 34.99% (at 91.07%)
Ratio: -0.00196078
Accuracy: 34.99% (at 91.22%)
Ratio: 0.0115385
Ratio: 0.00408163
Ratio: 0.00142857
Ratio: -0.00277778
Accuracy: 45.83% (at 91.80%)
Ratio: -0.00444444
Accuracy: 67.94% (at 91.95%)
Ratio: 0
Accuracy: 67.94% (at 92.09%)
Ratio: -0.00212766
Accuracy: 36.60% (at 92.24%)
Ratio: -0.0104167
Accuracy: 65.01% (at 92.39%)
Ratio: -0.00943396
Accuracy: 65.01% (at 92.53%)
Ratio: -0.00862069
Accuracy: 65.01% (at 92.68%)
Ratio: -0.00634921
Accuracy: 65.01% (at 92.83%)
Ratio: -0.00447761
Accuracy: 65.01% (at 92.97%)
Ratio: 0.00571429
Ratio: 0.00294118
Ratio: 0.0020202
Ratio: 0.00234375
Ratio: 0.000324675
Ratio: 0.00167131
Ratio: 0.00049505
Ratio: 0.000447427
Ratio: 0.000204918
Ratio: 0.000378788
Ratio: -0.000353357
Accuracy: 65.01% (at 94.58%)
Ratio: -0.005
Accuracy: 65.01% (at 94.73%)
Ratio: -0.00238095
Accuracy: 34.99% (at 94.88%)
Ratio: -0.00465116
Accuracy: 34.99% (at 95.02%)
Ratio: -0.00888889
Accuracy: 65.01% (at 95.17%)
Ratio: -0.00816327
Accuracy: 65.01% (at 95.31%)
Ratio: 0
Accuracy: 65.01% (at 95.46%)
Ratio: 0
Accuracy: 65.01% (at 95.61%)
Ratio: -0.00188679
Accuracy: 71.74% (at 95.75%)
Ratio: -0.00185185
Accuracy: 80.38% (at 95.90%)
Ratio: -0.00363636
Accuracy: 80.38% (at 96.05%)
Ratio: -0.00526316
Accuracy: 81.41% (at 96.19%)
Ratio: -0.00666667
Accuracy: 81.41% (at 96.34%)
Ratio: -0.003125
Accuracy: 72.47% (at 96.49%)
Ratio: 0
Accuracy: 72.47% (at 96.63%)
Ratio: 0
Accuracy: 72.47% (at 96.78%)
Ratio: -0.00151515
Accuracy: 72.47% (at 96.93%)
Ratio: 0.00298507
Ratio: 0.00151515
Ratio: 0.000512821
Ratio: 0.00077821
Ratio: 0.00126183
Ratio: 0.00080429
Ratio: 0.000234742
Ratio: 0.000209205
Ratio: 0
Accuracy: 65.01% (at 98.24%)
Ratio: -0.00196078
Accuracy: 68.08% (at 98.39%)
Ratio: -0.00576923
Accuracy: 68.08% (at 98.54%)
Ratio: -0.00545455
Accuracy: 69.69% (at 98.68%)
Ratio: -0.00344828
Accuracy: 69.69% (at 98.83%)
Ratio: 0.00166667
Ratio: 0
Accuracy: 34.99% (at 99.12%)
Ratio: -0.00169492
Accuracy: 65.01% (at 99.27%)
Ratio: 0
Accuracy: 65.01% (at 99.41%)
Ratio: 0.00166667
Ratio: 0.00420168
Ratio: 0.00404624
Ratio: 0.00272727
Ratio: 0.000766284
Ratio: 0
Accuracy: 65.45% (at 100.00%)
Error before CG: 0.654466
Error after CG: 0.960469
Error on Test Data: 0.960469
